<?xml version="1.0" encoding="UTF-8"?>
<!-- Generated by org.testng.reporters.JUnitXMLReporter -->
<testsuite ignored="14" hostname="DESKTOP-I3BGM4H" failures="0" tests="4" name="Smoke" time="34.276" errors="0" timestamp="2024-01-21T00:23:30 IST">
  <testcase classname="opencart.com.testcases.TC_002_LoginTest" name="verify_login" time="3.346"/>
  <testcase classname="opencart.com.testcases.TC_001_IndexPageTest" name="validatelogoTest" time="0.118"/>
  <testcase classname="opencart.com.testcases.TC_001_IndexPageTest" name="validateIndexElementPresent" time="0.086"/>
  <testcase classname="opencart.com.testcases.TC_001_IndexPageTest" name="validateIndexElementsListTest" time="0.153"/>
  <testcase classname="opencart.com.testcases.TC_005_SearchPageTest" name="InvalidSerachProductTest" time="0.0">
    <ignored/>
  </testcase> <!-- InvalidSerachProductTest -->
  <testcase classname="opencart.com.testcases.TC_005_SearchPageTest" name="searchAfterLogin" time="0.0">
    <ignored/>
  </testcase> <!-- searchAfterLogin -->
  <testcase classname="opencart.com.base.BaseClass" name="@AfterSuite afterSuite" time="0.0">
    <ignored/>
  </testcase> <!-- @AfterSuite afterSuite -->
  <testcase classname="opencart.com.testcases.TC_005_SearchPageTest" name="serachProductBySearchCriteriaTest" time="0.0">
    <ignored/>
  </testcase> <!-- serachProductBySearchCriteriaTest -->
  <testcase classname="opencart.com.testcases.TC_005_SearchPageTest" name="getProductPriceTest" time="0.0">
    <ignored/>
  </testcase> <!-- getProductPriceTest -->
  <testcase classname="opencart.com.testcases.TC_005_SearchPageTest" name="serachProductByCategoriesAndSortTest" time="0.0">
    <ignored/>
  </testcase> <!-- serachProductByCategoriesAndSortTest -->
  <testcase classname="opencart.com.testcases.TC_005_SearchPageTest" name="getProductNameTest" time="0.0">
    <ignored/>
  </testcase> <!-- getProductNameTest -->
  <testcase classname="opencart.com.base.BaseClass" name="@BeforeSuite loadConfig" time="0.0">
    <ignored/>
  </testcase> <!-- @BeforeSuite loadConfig -->
  <testcase classname="opencart.com.testcases.TC_005_SearchPageTest" name="emptySerachProductTest" time="0.0">
    <ignored/>
  </testcase> <!-- emptySerachProductTest -->
  <testcase classname="opencart.com.testcases.TC_005_SearchPageTest" name="valiadtelistAndgridviewTest" time="0.0">
    <ignored/>
  </testcase> <!-- valiadtelistAndgridviewTest -->
  <testcase classname="opencart.com.testcases.TC_005_SearchPageTest" name="searchUsingTextFrmProductDescriptionTest" time="0.0">
    <ignored/>
  </testcase> <!-- searchUsingTextFrmProductDescriptionTest -->
  <testcase classname="opencart.com.testcases.TC_005_SearchPageTest" name="serachProductByCategoriesTest" time="0.0">
    <ignored/>
  </testcase> <!-- serachProductByCategoriesTest -->
  <testcase classname="opencart.com.base.BaseClass" name="@BeforeSuite loadConfig" time="0.0">
    <ignored/>
  </testcase> <!-- @BeforeSuite loadConfig -->
  <testcase classname="opencart.com.base.BaseClass" name="@AfterSuite afterSuite" time="0.0">
    <ignored/>
  </testcase> <!-- @AfterSuite afterSuite -->
</testsuite> <!-- Smoke -->
