<?xml version="1.0" encoding="UTF-8"?>
<testng-results ignored="0" total="1" passed="1" failed="0" skipped="0">
  <reporter-output>
  </reporter-output>
  <suite started-at="2024-01-21T15:46:09 IST" name="Suite" finished-at="2024-01-21T15:46:31 IST" duration-ms="22339">
    <groups>
      <group name="Smoke">
        <method signature="TC_004_AccountRegistrationTest.verify_account_registration()[pri:1, instance:opencart.com.testcases.TC_004_AccountRegistrationTest@53aac487]" name="verify_account_registration" class="opencart.com.testcases.TC_004_AccountRegistrationTest"/>
      </group> <!-- Smoke -->
    </groups>
    <test started-at="2024-01-21T15:46:09 IST" name="Test_All" finished-at="2024-01-21T15:46:31 IST" duration-ms="22339">
      <class name="opencart.com.testcases.TC_004_AccountRegistrationTest">
        <test-method is-config="true" signature="loadConfig()[pri:0, instance:opencart.com.testcases.TC_004_AccountRegistrationTest@53aac487]" started-at="2024-01-21T15:46:08 IST" name="loadConfig" finished-at="2024-01-21T15:46:09 IST" duration-ms="623" status="PASS">
          <reporter-output>
          </reporter-output>
        </test-method> <!-- loadConfig -->
        <test-method is-config="true" signature="setup(java.lang.String)[pri:0, instance:opencart.com.testcases.TC_004_AccountRegistrationTest@53aac487]" started-at="2024-01-21T15:46:09 IST" name="setup" finished-at="2024-01-21T15:46:25 IST" duration-ms="16860" status="PASS">
          <params>
            <param index="0">
              <value>
                <![CDATA[Chrome]]>
              </value>
            </param>
          </params>
          <reporter-output>
          </reporter-output>
        </test-method> <!-- setup -->
        <test-method signature="verify_account_registration()[pri:1, instance:opencart.com.testcases.TC_004_AccountRegistrationTest@53aac487]" started-at="2024-01-21T15:46:25 IST" name="verify_account_registration" finished-at="2024-01-21T15:46:31 IST" duration-ms="5080" status="PASS">
          <reporter-output>
          </reporter-output>
        </test-method> <!-- verify_account_registration -->
        <test-method is-config="true" signature="tearDown()[pri:0, instance:opencart.com.testcases.TC_004_AccountRegistrationTest@53aac487]" started-at="2024-01-21T15:46:31 IST" name="tearDown" finished-at="2024-01-21T15:46:31 IST" duration-ms="321" status="PASS">
          <reporter-output>
          </reporter-output>
        </test-method> <!-- tearDown -->
        <test-method is-config="true" signature="afterSuite()[pri:0, instance:opencart.com.testcases.TC_004_AccountRegistrationTest@53aac487]" started-at="2024-01-21T15:46:31 IST" name="afterSuite" finished-at="2024-01-21T15:46:32 IST" duration-ms="516" status="PASS">
          <reporter-output>
          </reporter-output>
        </test-method> <!-- afterSuite -->
      </class> <!-- opencart.com.testcases.TC_004_AccountRegistrationTest -->
    </test> <!-- Test_All -->
  </suite> <!-- Suite -->
</testng-results>
